<?xml version="1.0" encoding="UTF-8"?>
<!-- Generated by org.testng.reporters.JUnitXMLReporter -->
<testsuite ignored="0" hostname="kranthis-iMac.local" failures="0" tests="3" name="Surefire test" time="3.65" errors="0" timestamp="2024-01-08T19:36:36 IST">
  <testcase classname="test.TestNG.BrowserSearchTest" name="browseTest" time="1.349"/>
  <testcase classname="test.TestNG.BrowserSearchTest" name="browseTest" time="0.004"/>
  <testcase classname="test.TestNG.BrowserSearchTest" name="browseTest" time="0.002"/>
</testsuite> <!-- Surefire test -->
